{
  "category_name": "Appointments",
  "category_path": "scheduling\\appointments",
  "status": "partial",
  "passed": 3,
  "failed": 1,
  "skipped": 3,
  "total": 7,
  "duration_ms": 160581,
  "stopped_early": false,
  "setup_result": {
    "test_name": "Appointments/_setup",
    "test_path": "C:\\Programming\\auto_tester\\tests\\scheduling\\appointments\\_setup",
    "test_type": "setup",
    "status": "passed",
    "duration_ms": 36587,
    "error": null,
    "error_type": null,
    "screenshot": null
  },
  "test_results": [
    {
      "test_name": "Appointments/Create Appointment",
      "test_path": "C:\\Programming\\auto_tester\\tests\\scheduling\\appointments\\create_appointment",
      "test_type": "test",
      "status": "passed",
      "duration_ms": 44398,
      "error": null,
      "error_type": null,
      "screenshot": null
    },
    {
      "test_name": "Appointments/View Appointment",
      "test_path": "C:\\Programming\\auto_tester\\tests\\scheduling\\appointments\\view_appointment",
      "test_type": "test",
      "status": "passed",
      "duration_ms": 8356,
      "error": null,
      "error_type": null,
      "screenshot": null
    },
    {
      "test_name": "Appointments/Edit Appointment",
      "test_path": "C:\\Programming\\auto_tester\\tests\\scheduling\\appointments\\edit_appointment",
      "test_type": "test",
      "status": "passed",
      "duration_ms": 16806,
      "error": null,
      "error_type": null,
      "screenshot": null
    },
    {
      "test_name": "Appointments/Reschedule Appointment",
      "test_path": "C:\\Programming\\auto_tester\\tests\\scheduling\\appointments\\reschedule_appointment",
      "test_type": "test",
      "status": "failed",
      "duration_ms": 12754,
      "error": "AssertionError: Time did not change! Still showing: \n\nSat, January 31, 10:00am \u2013 11:00am\n\n\nSelect a date for this appointment\n\n",
      "error_type": "AssertionError",
      "screenshot": ".temp_screenshots\\reschedule_appointment_20260131_160813.png"
    },
    {
      "test_name": "Appointments/Cancel Appointment",
      "test_path": "C:\\Programming\\auto_tester\\tests\\scheduling\\appointments\\cancel_appointment",
      "test_type": "test",
      "status": "skipped",
      "duration_ms": 0,
      "error": "Skipped due to Appointments/Reschedule Appointment failure",
      "error_type": null,
      "screenshot": null
    },
    {
      "test_name": "Appointments/Create Custom Appointment",
      "test_path": "C:\\Programming\\auto_tester\\tests\\scheduling\\appointments\\create_custom_appointment",
      "test_type": "test",
      "status": "skipped",
      "duration_ms": 0,
      "error": "Skipped due to Appointments/Reschedule Appointment failure",
      "error_type": null,
      "screenshot": null
    },
    {
      "test_name": "Appointments/Cancel Custom Appointment",
      "test_path": "C:\\Programming\\auto_tester\\tests\\scheduling\\appointments\\cancel_custom_appointment",
      "test_type": "test",
      "status": "skipped",
      "duration_ms": 0,
      "error": "Skipped due to Appointments/Reschedule Appointment failure",
      "error_type": null,
      "screenshot": null
    }
  ],
  "teardown_result": {
    "test_name": "Appointments/_teardown",
    "test_path": "C:\\Programming\\auto_tester\\tests\\scheduling\\appointments\\_teardown",
    "test_type": "teardown",
    "status": "passed",
    "duration_ms": 41680,
    "error": null,
    "error_type": null,
    "screenshot": null
  },
  "run_id": "20260131_160549",
  "saved_at": "2026-01-31T16:08:56.501510",
  "config": {
    "target": {
      "base_url": "https://www.vcita.com",
      "auth": {
        "username": "itzik+autotest.1769462440@vcita.com"
      }
    }
  }
}