{
  "category_name": "Events",
  "category_path": "scheduling\\events",
  "status": "partial",
  "passed": 3,
  "failed": 1,
  "skipped": 2,
  "total": 6,
  "duration_ms": 90373,
  "stopped_early": false,
  "setup_result": {
    "test_name": "Events/_setup",
    "test_path": "C:\\Programming\\auto_tester\\tests\\scheduling\\events\\_setup",
    "test_type": "setup",
    "status": "passed",
    "duration_ms": 44155,
    "error": null,
    "error_type": null,
    "screenshot": null
  },
  "test_results": [
    {
      "test_name": "Events/Schedule Event",
      "test_path": "C:\\Programming\\auto_tester\\tests\\scheduling\\events\\schedule_event",
      "test_type": "test",
      "status": "passed",
      "duration_ms": 25133,
      "error": null,
      "error_type": null,
      "screenshot": null
    },
    {
      "test_name": "Events/View Event",
      "test_path": "C:\\Programming\\auto_tester\\tests\\scheduling\\events\\view_event",
      "test_type": "test",
      "status": "passed",
      "duration_ms": 0,
      "error": null,
      "error_type": null,
      "screenshot": null
    },
    {
      "test_name": "Events/Add Attendee",
      "test_path": "C:\\Programming\\auto_tester\\tests\\scheduling\\events\\add_attendee",
      "test_type": "test",
      "status": "passed",
      "duration_ms": 9718,
      "error": null,
      "error_type": null,
      "screenshot": null
    },
    {
      "test_name": "Events/Remove Attendee",
      "test_path": "C:\\Programming\\auto_tester\\tests\\scheduling\\events\\remove_attendee",
      "test_type": "test",
      "status": "failed",
      "duration_ms": 11367,
      "error": "AssertionError: Locator expected to have count '0'\nActual value: 1 \nCall log:\n  - Expect \"to_have_count\" with timeout 5000ms\n  - waiting for locator(\"iframe[title=\\\"angularjs\\\"]\").content_frame.locator(\"#vue_iframe_layout\").content_frame.get_by_text(\"Event TestClient1769268970\")\n    9 \u00d7 locator resolved to 1 element\n      - unexpected value \"1\"\n",
      "error_type": "AssertionError",
      "screenshot": ".temp_screenshots\\remove_attendee_20260124_173740.png"
    },
    {
      "test_name": "Events/Edit Event",
      "test_path": "C:\\Programming\\auto_tester\\tests\\scheduling\\events\\edit_event",
      "test_type": "test",
      "status": "skipped",
      "duration_ms": 0,
      "error": "Skipped due to Events/Remove Attendee failure",
      "error_type": null,
      "screenshot": null
    },
    {
      "test_name": "Events/Cancel Event",
      "test_path": "C:\\Programming\\auto_tester\\tests\\scheduling\\events\\cancel_event",
      "test_type": "test",
      "status": "skipped",
      "duration_ms": 0,
      "error": "Skipped due to Events/Remove Attendee failure",
      "error_type": null,
      "screenshot": null
    }
  ],
  "teardown_result": null,
  "run_id": "20260124_173547",
  "saved_at": "2026-01-24T17:37:40.789612"
}