{
  "test_name": "Events/Remove Attendee",
  "test_path": "C:\\Programming\\auto_tester\\tests\\scheduling\\events\\remove_attendee",
  "test_type": "test",
  "status": "failed",
  "duration_ms": 11367,
  "error": "AssertionError: Locator expected to have count '0'\nActual value: 1 \nCall log:\n  - Expect \"to_have_count\" with timeout 5000ms\n  - waiting for locator(\"iframe[title=\\\"angularjs\\\"]\").content_frame.locator(\"#vue_iframe_layout\").content_frame.get_by_text(\"Event TestClient1769268970\")\n    9 \u00d7 locator resolved to 1 element\n      - unexpected value \"1\"\n",
  "error_type": "AssertionError",
  "screenshot": "C:\\Programming\\auto_tester\\tests\\scheduling\\events\\_runs\\20260124_173547\\tests\\Remove Attendee\\screenshot.png",
  "saved_at": "2026-01-24T17:37:40.766887"
}